# JRE version: Java(TM) SE Runtime Environment (8.0_65-b17) (build 1.8.0_65-b17)
# Java VM: Java HotSpot(TM) 64-Bit Server VM (25.65-b01 mixed mode windows-amd64 compressed oops)
Heap:
 PSYoungGen      total 223744K, used 108280K [0x00000000eab00000, 0x00000000f9d00000, 0x0000000100000000)
  eden space 205824K, 52% used [0x00000000eab00000,0x00000000f14be398,0x00000000f7400000)
  from space 17920K, 0% used [0x00000000f7400000,0x00000000f7400000,0x00000000f8580000)
  to   space 17408K, 0% used [0x00000000f8c00000,0x00000000f8c00000,0x00000000f9d00000)
 ParOldGen       total 103936K, used 28545K [0x00000000c0000000, 0x00000000c6580000, 0x00000000eab00000)
  object space 103936K, 27% used [0x00000000c0000000,0x00000000c1be0668,0x00000000c6580000)
 Metaspace       used 53617K, capacity 55360K, committed 60584K, reserved 1101824K
  class space    used 6856K, capacity 7455K, committed 8872K, reserved 1048576K
GC Heap History (10 events):
Event: 852.340 GC heap before
{Heap before GC invocations=25 (full 6):
 PSYoungGen      total 189952K, used 171520K [0x00000000eab00000, 0x00000000f9700000, 0x0000000100000000)
  eden space 171520K, 100% used [0x00000000eab00000,0x00000000f5280000,0x00000000f5280000)
  from space 18432K, 0% used [0x00000000f5280000,0x00000000f5280000,0x00000000f6480000)
  to   space 17920K, 0% used [0x00000000f8580000,0x00000000f8580000,0x00000000f9700000)
 ParOldGen       total 60928K, used 57021K [0x00000000c0000000, 0x00000000c3b80000, 0x00000000eab00000)
  object space 60928K, 93% used [0x00000000c0000000,0x00000000c37af5e8,0x00000000c3b80000)
 Metaspace       used 55393K, capacity 59516K, committed 59688K, reserved 1099776K
  class space    used 7499K, capacity 8666K, committed 8744K, reserved 1048576K
Event: 852.529 GC heap after
Heap after GC invocations=25 (full 6):
 PSYoungGen      total 189952K, used 0K [0x00000000eab00000, 0x00000000f9700000, 0x0000000100000000)
  eden space 171520K, 0% used [0x00000000eab00000,0x00000000eab00000,0x00000000f5280000)
  from space 18432K, 0% used [0x00000000f5280000,0x00000000f5280000,0x00000000f6480000)
  to   space 17920K, 0% used [0x00000000f8580000,0x00000000f8580000,0x00000000f9700000)
 ParOldGen       total 103936K, used 58699K [0x00000000c0000000, 0x00000000c6580000, 0x00000000eab00000)
  object space 103936K, 56% used [0x00000000c0000000,0x00000000c3952da8,0x00000000c6580000)
 Metaspace       used 55393K, capacity 59516K, committed 59688K, reserved 1099776K
  class space    used 7499K, capacity 8666K, committed 8744K, reserved 1048576K
}
Event: 862.173 GC heap before
{Heap before GC invocations=26 (full 6):
 PSYoungGen      total 189952K, used 110427K [0x00000000eab00000, 0x00000000f9700000, 0x0000000100000000)
  eden space 171520K, 64% used [0x00000000eab00000,0x00000000f16d6f70,0x00000000f5280000)
  from space 18432K, 0% used [0x00000000f5280000,0x00000000f5280000,0x00000000f6480000)
  to   space 17920K, 0% used [0x00000000f8580000,0x00000000f8580000,0x00000000f9700000)
 ParOldGen       total 103936K, used 58699K [0x00000000c0000000, 0x00000000c6580000, 0x00000000eab00000)
  object space 103936K, 56% used [0x00000000c0000000,0x00000000c3952da8,0x00000000c6580000)
 Metaspace       used 55832K, capacity 60078K, committed 60200K, reserved 1101824K
  class space    used 7527K, capacity 8717K, committed 8744K, reserved 1048576K
Event: 862.182 GC heap after
Heap after GC invocations=26 (full 6):
 PSYoungGen      total 223744K, used 3022K [0x00000000eab00000, 0x00000000f9e00000, 0x0000000100000000)
  eden space 205824K, 0% used [0x00000000eab00000,0x00000000eab00000,0x00000000f7400000)
  from space 17920K, 16% used [0x00000000f8580000,0x00000000f8873b70,0x00000000f9700000)
  to   space 17920K, 0% used [0x00000000f7400000,0x00000000f7400000,0x00000000f8580000)
 ParOldGen       total 103936K, used 58707K [0x00000000c0000000, 0x00000000c6580000, 0x00000000eab00000)
  object space 103936K, 56% used [0x00000000c0000000,0x00000000c3954da8,0x00000000c6580000)
 Metaspace       used 55832K, capacity 60078K, committed 60200K, reserved 1101824K
  class space    used 7527K, capacity 8717K, committed 8744K, reserved 1048576K
}
Event: 862.182 GC heap before
{Heap before GC invocations=27 (full 7):
 PSYoungGen      total 223744K, used 3022K [0x00000000eab00000, 0x00000000f9e00000, 0x0000000100000000)
  eden space 205824K, 0% used [0x00000000eab00000,0x00000000eab00000,0x00000000f7400000)
  from space 17920K, 16% used [0x00000000f8580000,0x00000000f8873b70,0x00000000f9700000)
  to   space 17920K, 0% used [0x00000000f7400000,0x00000000f7400000,0x00000000f8580000)
 ParOldGen       total 103936K, used 58707K [0x00000000c0000000, 0x00000000c6580000, 0x00000000eab00000)
  object space 103936K, 56% used [0x00000000c0000000,0x00000000c3954da8,0x00000000c6580000)
 Metaspace       used 55832K, capacity 60078K, committed 60200K, reserved 1101824K
  class space    used 7527K, capacity 8717K, committed 8744K, reserved 1048576K
Event: 862.662 GC heap after
Heap after GC invocations=27 (full 7):
 PSYoungGen      total 223744K, used 0K [0x00000000eab00000, 0x00000000f9e00000, 0x0000000100000000)
  eden space 205824K, 0% used [0x00000000eab00000,0x00000000eab00000,0x00000000f7400000)
  from space 17920K, 0% used [0x00000000f8580000,0x00000000f8580000,0x00000000f9700000)
  to   space 17920K, 0% used [0x00000000f7400000,0x00000000f7400000,0x00000000f8580000)
 ParOldGen       total 103936K, used 56981K [0x00000000c0000000, 0x00000000c6580000, 0x00000000eab00000)
  object space 103936K, 54% used [0x00000000c0000000,0x00000000c37a5510,0x00000000c6580000)
 Metaspace       used 55832K, capacity 60078K, committed 60200K, reserved 1101824K
  class space    used 7527K, capacity 8717K, committed 8744K, reserved 1048576K
}
Event: 2383.353 GC heap before
{Heap before GC invocations=28 (full 7):
 PSYoungGen      total 223744K, used 143345K [0x00000000eab00000, 0x00000000f9e00000, 0x0000000100000000)
  eden space 205824K, 69% used [0x00000000eab00000,0x00000000f36fc510,0x00000000f7400000)
  from space 17920K, 0% used [0x00000000f8580000,0x00000000f8580000,0x00000000f9700000)
  to   space 17920K, 0% used [0x00000000f7400000,0x00000000f7400000,0x00000000f8580000)
 ParOldGen       total 103936K, used 56981K [0x00000000c0000000, 0x00000000c6580000, 0x00000000eab00000)
  object space 103936K, 54% used [0x00000000c0000000,0x00000000c37a5510,0x00000000c6580000)
 Metaspace       used 56155K, capacity 60448K, committed 60584K, reserved 1101824K
  class space    used 7547K, capacity 8761K, committed 8872K, reserved 1048576K
Event: 2383.357 GC heap after
Heap after GC invocations=28 (full 7):
 PSYoungGen      total 223744K, used 1942K [0x00000000eab00000, 0x00000000f9d00000, 0x0000000100000000)
  eden space 205824K, 0% used [0x00000000eab00000,0x00000000eab00000,0x00000000f7400000)
  from space 17920K, 10% used [0x00000000f7400000,0x00000000f75e5a90,0x00000000f8580000)
  to   space 17408K, 0% used [0x00000000f8c00000,0x00000000f8c00000,0x00000000f9d00000)
 ParOldGen       total 103936K, used 56989K [0x00000000c0000000, 0x00000000c6580000, 0x00000000eab00000)
  object space 103936K, 54% used [0x00000000c0000000,0x00000000c37a7510,0x00000000c6580000)
 Metaspace       used 56155K, capacity 60448K, committed 60584K, reserved 1101824K
  class space    used 7547K, capacity 8761K, committed 8872K, reserved 1048576K
}
Event: 2383.357 GC heap before
{Heap before GC invocations=29 (full 8):
 PSYoungGen      total 223744K, used 1942K [0x00000000eab00000, 0x00000000f9d00000, 0x0000000100000000)
  eden space 205824K, 0% used [0x00000000eab00000,0x00000000eab00000,0x00000000f7400000)
  from space 17920K, 10% used [0x00000000f7400000,0x00000000f75e5a90,0x00000000f8580000)
  to   space 17408K, 0% used [0x00000000f8c00000,0x00000000f8c00000,0x00000000f9d00000)
 ParOldGen       total 103936K, used 56989K [0x00000000c0000000, 0x00000000c6580000, 0x00000000eab00000)
  object space 103936K, 54% used [0x00000000c0000000,0x00000000c37a7510,0x00000000c6580000)
 Metaspace       used 56155K, capacity 60448K, committed 60584K, reserved 1101824K
  class space    used 7547K, capacity 8761K, committed 8872K, reserved 1048576K
Event: 2383.556 GC heap after
Heap after GC invocations=29 (full 8):
 PSYoungGen      total 223744K, used 0K [0x00000000eab00000, 0x00000000f9d00000, 0x0000000100000000)
  eden space 205824K, 0% used [0x00000000eab00000,0x00000000eab00000,0x00000000f7400000)
  from space 17920K, 0% used [0x00000000f7400000,0x00000000f7400000,0x00000000f8580000)
  to   space 17408K, 0% used [0x00000000f8c00000,0x00000000f8c00000,0x00000000f9d00000)
 ParOldGen       total 103936K, used 28545K [0x00000000c0000000, 0x00000000c6580000, 0x00000000eab00000)
  object space 103936K, 27% used [0x00000000c0000000,0x00000000c1be0668,0x00000000c6580000)
 Metaspace       used 53182K, capacity 54470K, committed 60584K, reserved 1101824K
  class space    used 6756K, capacity 7224K, committed 8872K, reserved 1048576K
}

